<?xml version="1.0" encoding="UTF-8"?>
<testng-results ignored="0" total="7" passed="7" failed="0" skipped="0">
  <reporter-output>
  </reporter-output>
  <suite started-at="2022-06-11T20:10:32 IST" name="Default suite" finished-at="2022-06-11T20:11:14 IST" duration-ms="41852">
    <groups>
    </groups>
    <test started-at="2022-06-11T20:10:32 IST" name="Default test" finished-at="2022-06-11T20:11:14 IST" duration-ms="41852">
      <class name="com.sgtestiing.basicscenarios.Basicscenario1DemoTestNG">
        <test-method signature="launchbrowser()[pri:1, instance:com.sgtestiing.basicscenarios.Basicscenario1DemoTestNG@16610890]" started-at="2022-06-11T20:10:32 IST" name="launchbrowser" finished-at="2022-06-11T20:10:35 IST" duration-ms="3161" status="PASS">
          <reporter-output>
          </reporter-output>
        </test-method> <!-- launchbrowser -->
        <test-method signature="navigate()[pri:2, instance:com.sgtestiing.basicscenarios.Basicscenario1DemoTestNG@16610890]" started-at="2022-06-11T20:10:35 IST" name="navigate" finished-at="2022-06-11T20:10:40 IST" duration-ms="5232" status="PASS">
          <reporter-output>
          </reporter-output>
        </test-method> <!-- navigate -->
        <test-method signature="login(java.lang.String,java.lang.String)[pri:3, instance:com.sgtestiing.basicscenarios.Basicscenario1DemoTestNG@16610890]" started-at="2022-06-11T20:10:40 IST" name="login" data-provider="logindetails" finished-at="2022-06-11T20:10:46 IST" duration-ms="5285" status="PASS">
          <params>
            <param index="0">
              <value>
                <![CDATA[admin]]>
              </value>
            </param>
            <param index="1">
              <value>
                <![CDATA[manager]]>
              </value>
            </param>
          </params>
          <reporter-output>
          </reporter-output>
        </test-method> <!-- login -->
        <test-method signature="createuser(java.lang.String,java.lang.String,java.lang.String,java.lang.String,java.lang.String,java.lang.String)[pri:4, instance:com.sgtestiing.basicscenarios.Basicscenario1DemoTestNG@16610890]" started-at="2022-06-11T20:10:46 IST" name="createuser" data-provider="UserDetails" finished-at="2022-06-11T20:11:03 IST" duration-ms="17814" status="PASS">
          <params>
            <param index="0">
              <value>
                <![CDATA[demo]]>
              </value>
            </param>
            <param index="1">
              <value>
                <![CDATA[user1]]>
              </value>
            </param>
            <param index="2">
              <value>
                <![CDATA[demouser1@gmail.com]]>
              </value>
            </param>
            <param index="3">
              <value>
                <![CDATA[DemoUser1]]>
              </value>
            </param>
            <param index="4">
              <value>
                <![CDATA[DemoUser1]]>
              </value>
            </param>
            <param index="5">
              <value>
                <![CDATA[DemoUser1]]>
              </value>
            </param>
          </params>
          <reporter-output>
          </reporter-output>
        </test-method> <!-- createuser -->
        <test-method signature="deleteuser()[pri:5, instance:com.sgtestiing.basicscenarios.Basicscenario1DemoTestNG@16610890]" started-at="2022-06-11T20:11:03 IST" name="deleteuser" finished-at="2022-06-11T20:11:09 IST" duration-ms="5252" status="PASS">
          <reporter-output>
          </reporter-output>
        </test-method> <!-- deleteuser -->
        <test-method signature="logout()[pri:6, instance:com.sgtestiing.basicscenarios.Basicscenario1DemoTestNG@16610890]" started-at="2022-06-11T20:11:09 IST" name="logout" finished-at="2022-06-11T20:11:13 IST" duration-ms="4523" status="PASS">
          <reporter-output>
          </reporter-output>
        </test-method> <!-- logout -->
        <test-method signature="closeapplication()[pri:7, instance:com.sgtestiing.basicscenarios.Basicscenario1DemoTestNG@16610890]" started-at="2022-06-11T20:11:13 IST" name="closeapplication" finished-at="2022-06-11T20:11:14 IST" duration-ms="502" status="PASS">
          <reporter-output>
          </reporter-output>
        </test-method> <!-- closeapplication -->
      </class> <!-- com.sgtestiing.basicscenarios.Basicscenario1DemoTestNG -->
    </test> <!-- Default test -->
  </suite> <!-- Default suite -->
</testng-results>
