<?xml version="1.0" encoding="UTF-8"?>
<!-- Generated by org.testng.reporters.JUnitXMLReporter -->
<testsuite ignored="0" hostname="DEEEPGRAPGY" failures="0" tests="7" name="Default test" time="41.852" errors="0" timestamp="2022-06-11T20:11:14 IST">
  <testcase classname="com.sgtestiing.basicscenarios.Basicscenario1DemoTestNG" name="launchbrowser" time="3.161"/>
  <testcase classname="com.sgtestiing.basicscenarios.Basicscenario1DemoTestNG" name="navigate" time="5.232"/>
  <testcase classname="com.sgtestiing.basicscenarios.Basicscenario1DemoTestNG" name="login" time="5.285"/>
  <testcase classname="com.sgtestiing.basicscenarios.Basicscenario1DemoTestNG" name="createuser" time="17.814"/>
  <testcase classname="com.sgtestiing.basicscenarios.Basicscenario1DemoTestNG" name="deleteuser" time="5.252"/>
  <testcase classname="com.sgtestiing.basicscenarios.Basicscenario1DemoTestNG" name="logout" time="4.523"/>
  <testcase classname="com.sgtestiing.basicscenarios.Basicscenario1DemoTestNG" name="closeapplication" time="0.502"/>
</testsuite> <!-- Default test -->
