<?xml version="1.0" encoding="UTF-8"?>
<!-- Generated by org.testng.reporters.JUnitXMLReporter -->
<testsuite ignored="0" hostname="DEEEPGRAPGY" failures="0" tests="66" name="AdvancescenarioDemo" time="376.028" errors="0" timestamp="2022-06-10T11:13:18 IST">
  <testcase classname="com.sgtesting.advancescenario.AdvanceScenario1DemoTestNG" name="launchbrowser" time="2.918"/>
  <testcase classname="com.sgtesting.advancescenario.AdvanceScenario1DemoTestNG" name="navigate" time="4.174"/>
  <testcase classname="com.sgtesting.advancescenario.AdvanceScenario1DemoTestNG" name="Login1" time="5.345"/>
  <testcase classname="com.sgtesting.advancescenario.AdvanceScenario1DemoTestNG" name="createuser1" time="13.285"/>
  <testcase classname="com.sgtesting.advancescenario.AdvanceScenario1DemoTestNG" name="createuser2" time="12.229"/>
  <testcase classname="com.sgtesting.advancescenario.AdvanceScenario1DemoTestNG" name="createuser3" time="12.135"/>
  <testcase classname="com.sgtesting.advancescenario.AdvanceScenario1DemoTestNG" name="logout1" time="3.408"/>
  <testcase classname="com.sgtesting.advancescenario.AdvanceScenario1DemoTestNG" name="Loginuser1" time="7.624"/>
  <testcase classname="com.sgtesting.advancescenario.AdvanceScenario1DemoTestNG" name="logoutuser1" time="3.35"/>
  <testcase classname="com.sgtesting.advancescenario.AdvanceScenario1DemoTestNG" name="Loginuser2" time="7.166"/>
  <testcase classname="com.sgtesting.advancescenario.AdvanceScenario1DemoTestNG" name="logoutuser2" time="3.352"/>
  <testcase classname="com.sgtesting.advancescenario.AdvanceScenario1DemoTestNG" name="Loginuser3" time="6.972"/>
  <testcase classname="com.sgtesting.advancescenario.AdvanceScenario1DemoTestNG" name="logoutuser3" time="3.336"/>
  <testcase classname="com.sgtesting.advancescenario.AdvanceScenario1DemoTestNG" name="Login" time="5.32"/>
  <testcase classname="com.sgtesting.advancescenario.AdvanceScenario1DemoTestNG" name="modifyuser1" time="8.598"/>
  <testcase classname="com.sgtesting.advancescenario.AdvanceScenario1DemoTestNG" name="modifyuser2" time="7.587"/>
  <testcase classname="com.sgtesting.advancescenario.AdvanceScenario1DemoTestNG" name="modifyuser3" time="7.645"/>
  <testcase classname="com.sgtesting.advancescenario.AdvanceScenario1DemoTestNG" name="logout2" time="3.376"/>
  <testcase classname="com.sgtesting.advancescenario.AdvanceScenario1DemoTestNG" name="Loginuser11" time="5.384"/>
  <testcase classname="com.sgtesting.advancescenario.AdvanceScenario1DemoTestNG" name="logoutuser11" time="3.378"/>
  <testcase classname="com.sgtesting.advancescenario.AdvanceScenario1DemoTestNG" name="Loginuser22" time="5.385"/>
  <testcase classname="com.sgtesting.advancescenario.AdvanceScenario1DemoTestNG" name="logoutuser22" time="3.431"/>
  <testcase classname="com.sgtesting.advancescenario.AdvanceScenario1DemoTestNG" name="Loginuser33" time="5.34"/>
  <testcase classname="com.sgtesting.advancescenario.AdvanceScenario1DemoTestNG" name="logoutuser33" time="3.401"/>
  <testcase classname="com.sgtesting.advancescenario.AdvanceScenario1DemoTestNG" name="Login3" time="5.336"/>
  <testcase classname="com.sgtesting.advancescenario.AdvanceScenario1DemoTestNG" name="Deleteuser1" time="7.069"/>
  <testcase classname="com.sgtesting.advancescenario.AdvanceScenario1DemoTestNG" name="Deleteuser2" time="6.398"/>
  <testcase classname="com.sgtesting.advancescenario.AdvanceScenario1DemoTestNG" name="Deleteuser3" time="6.348"/>
  <testcase classname="com.sgtesting.advancescenario.AdvanceScenario1DemoTestNG" name="logout3" time="3.371"/>
  <testcase classname="com.sgtesting.advancescenario.AdvanceScenario1DemoTestNG" name="closeapplication" time="0.738"/>
  <testcase classname="com.sgtesting.advancescenario.AdvanceScenario2DemoTestNG" name="launchbrowser" time="1.233"/>
  <testcase classname="com.sgtesting.advancescenario.AdvanceScenario2DemoTestNG" name="navigate" time="5.151"/>
  <testcase classname="com.sgtesting.advancescenario.AdvanceScenario2DemoTestNG" name="Login" time="5.414"/>
  <testcase classname="com.sgtesting.advancescenario.AdvanceScenario2DemoTestNG" name="createuser1" time="13.253"/>
  <testcase classname="com.sgtesting.advancescenario.AdvanceScenario2DemoTestNG" name="logout1" time="3.335"/>
  <testcase classname="com.sgtesting.advancescenario.AdvanceScenario2DemoTestNG" name="Loginuser1" time="7.64"/>
  <testcase classname="com.sgtesting.advancescenario.AdvanceScenario2DemoTestNG" name="createuser2" time="12.975"/>
  <testcase classname="com.sgtesting.advancescenario.AdvanceScenario2DemoTestNG" name="logout2" time="3.392"/>
  <testcase classname="com.sgtesting.advancescenario.AdvanceScenario2DemoTestNG" name="Loginuser2" time="7.216"/>
  <testcase classname="com.sgtesting.advancescenario.AdvanceScenario2DemoTestNG" name="createuser3" time="12.838"/>
  <testcase classname="com.sgtesting.advancescenario.AdvanceScenario2DemoTestNG" name="logout3" time="3.381"/>
  <testcase classname="com.sgtesting.advancescenario.AdvanceScenario2DemoTestNG" name="Loginuser3" time="7.001"/>
  <testcase classname="com.sgtesting.advancescenario.AdvanceScenario2DemoTestNG" name="logout4" time="3.304"/>
  <testcase classname="com.sgtesting.advancescenario.AdvanceScenario2DemoTestNG" name="Loginuser22" time="5.396"/>
  <testcase classname="com.sgtesting.advancescenario.AdvanceScenario2DemoTestNG" name="modifyuser3" time="8.395"/>
  <testcase classname="com.sgtesting.advancescenario.AdvanceScenario2DemoTestNG" name="logout5" time="3.331"/>
  <testcase classname="com.sgtesting.advancescenario.AdvanceScenario2DemoTestNG" name="Loginuser33" time="5.346"/>
  <testcase classname="com.sgtesting.advancescenario.AdvanceScenario2DemoTestNG" name="logout6" time="3.382"/>
  <testcase classname="com.sgtesting.advancescenario.AdvanceScenario2DemoTestNG" name="Loginuser11" time="5.331"/>
  <testcase classname="com.sgtesting.advancescenario.AdvanceScenario2DemoTestNG" name="modifyuser2" time="8.308"/>
  <testcase classname="com.sgtesting.advancescenario.AdvanceScenario2DemoTestNG" name="logout7" time="3.34"/>
  <testcase classname="com.sgtesting.advancescenario.AdvanceScenario2DemoTestNG" name="Loginuser222" time="5.317"/>
  <testcase classname="com.sgtesting.advancescenario.AdvanceScenario2DemoTestNG" name="logout11" time="3.383"/>
  <testcase classname="com.sgtesting.advancescenario.AdvanceScenario2DemoTestNG" name="Login1" time="5.35"/>
  <testcase classname="com.sgtesting.advancescenario.AdvanceScenario2DemoTestNG" name="modifyuser1" time="8.348"/>
  <testcase classname="com.sgtesting.advancescenario.AdvanceScenario2DemoTestNG" name="logout8" time="3.379"/>
  <testcase classname="com.sgtesting.advancescenario.AdvanceScenario2DemoTestNG" name="Loginuser111" time="5.339"/>
  <testcase classname="com.sgtesting.advancescenario.AdvanceScenario2DemoTestNG" name="logout12" time="3.391"/>
  <testcase classname="com.sgtesting.advancescenario.AdvanceScenario2DemoTestNG" name="Loginuser1111" time="5.404"/>
  <testcase classname="com.sgtesting.advancescenario.AdvanceScenario2DemoTestNG" name="Deleteuser2" time="7.033"/>
  <testcase classname="com.sgtesting.advancescenario.AdvanceScenario2DemoTestNG" name="Deleteuser3" time="6.291"/>
  <testcase classname="com.sgtesting.advancescenario.AdvanceScenario2DemoTestNG" name="logout9" time="3.337"/>
  <testcase classname="com.sgtesting.advancescenario.AdvanceScenario2DemoTestNG" name="Login2" time="5.409"/>
  <testcase classname="com.sgtesting.advancescenario.AdvanceScenario2DemoTestNG" name="Deleteuser1" time="7.024"/>
  <testcase classname="com.sgtesting.advancescenario.AdvanceScenario2DemoTestNG" name="logout10" time="3.319"/>
  <testcase classname="com.sgtesting.advancescenario.AdvanceScenario2DemoTestNG" name="closeapp" time="0.722"/>
</testsuite> <!-- AdvancescenarioDemo -->
