<?xml version="1.0" encoding="UTF-8"?>
<!-- Generated by org.testng.reporters.JUnitXMLReporter -->
<testsuite ignored="0" hostname="DEEEPGRAPGY" failures="0" tests="126" name="BasicscenarioDemo and AdvancescenarioDemo" time="709.985" errors="0" timestamp="2022-06-10T16:10:35 IST">
  <testcase classname="com.sgtestiing.basicscenarios.Basicscenario1DemoTestNG" name="launchbrowser" time="5.156"/>
  <testcase classname="com.sgtestiing.basicscenarios.Basicscenario1DemoTestNG" name="navigate" time="6.287"/>
  <testcase classname="com.sgtestiing.basicscenarios.Basicscenario1DemoTestNG" name="login" time="5.356"/>
  <testcase classname="com.sgtestiing.basicscenarios.Basicscenario1DemoTestNG" name="createuser" time="19.173"/>
  <testcase classname="com.sgtestiing.basicscenarios.Basicscenario1DemoTestNG" name="deleteuser" time="5.433"/>
  <testcase classname="com.sgtestiing.basicscenarios.Basicscenario1DemoTestNG" name="logout" time="4.446"/>
  <testcase classname="com.sgtestiing.basicscenarios.Basicscenario1DemoTestNG" name="closeapplication" time="0.709"/>
  <testcase classname="com.sgtestiing.basicscenarios.BasicScenario2DemoTestNG" name="launchbrowser" time="1.51"/>
  <testcase classname="com.sgtestiing.basicscenarios.BasicScenario2DemoTestNG" name="navigate" time="4.17"/>
  <testcase classname="com.sgtestiing.basicscenarios.BasicScenario2DemoTestNG" name="login" time="5.493"/>
  <testcase classname="com.sgtestiing.basicscenarios.BasicScenario2DemoTestNG" name="createuser" time="19.373"/>
  <testcase classname="com.sgtestiing.basicscenarios.BasicScenario2DemoTestNG" name="modify" time="6.474"/>
  <testcase classname="com.sgtestiing.basicscenarios.BasicScenario2DemoTestNG" name="deleteuser" time="4.265"/>
  <testcase classname="com.sgtestiing.basicscenarios.BasicScenario2DemoTestNG" name="Logout" time="4.394"/>
  <testcase classname="com.sgtestiing.basicscenarios.BasicScenario2DemoTestNG" name="closeapplication" time="0.66"/>
  <testcase classname="com.sgtestiing.basicscenarios.BasicScenario3DemoTestNG" name="launchbroswer" time="3.101"/>
  <testcase classname="com.sgtestiing.basicscenarios.BasicScenario3DemoTestNG" name="navigate" time="4.332"/>
  <testcase classname="com.sgtestiing.basicscenarios.BasicScenario3DemoTestNG" name="login" time="5.378"/>
  <testcase classname="com.sgtestiing.basicscenarios.BasicScenario3DemoTestNG" name="createcustomer" time="9.754"/>
  <testcase classname="com.sgtestiing.basicscenarios.BasicScenario3DemoTestNG" name="deletecustomer" time="7.446"/>
  <testcase classname="com.sgtestiing.basicscenarios.BasicScenario3DemoTestNG" name="logout" time="4.376"/>
  <testcase classname="com.sgtestiing.basicscenarios.BasicScenario3DemoTestNG" name="closeapplication" time="0.601"/>
  <testcase classname="com.sgtestiing.basicscenarios.BasicScenario4DemoTestNG" name="launchbroswer" time="1.313"/>
  <testcase classname="com.sgtestiing.basicscenarios.BasicScenario4DemoTestNG" name="navigate" time="4.165"/>
  <testcase classname="com.sgtestiing.basicscenarios.BasicScenario4DemoTestNG" name="login" time="5.706"/>
  <testcase classname="com.sgtestiing.basicscenarios.BasicScenario4DemoTestNG" name="createcustomer" time="10.544"/>
  <testcase classname="com.sgtestiing.basicscenarios.BasicScenario4DemoTestNG" name="modifycustomer" time="6.576"/>
  <testcase classname="com.sgtestiing.basicscenarios.BasicScenario4DemoTestNG" name="deletecustomer" time="7.522"/>
  <testcase classname="com.sgtestiing.basicscenarios.BasicScenario4DemoTestNG" name="logout" time="3.518"/>
  <testcase classname="com.sgtestiing.basicscenarios.BasicScenario4DemoTestNG" name="closeapplication" time="0.547"/>
  <testcase classname="com.sgtestiing.basicscenarios.BasicScenario5DemoTestNG" name="launchbroswer" time="2.302"/>
  <testcase classname="com.sgtestiing.basicscenarios.BasicScenario5DemoTestNG" name="navigate" time="4.634"/>
  <testcase classname="com.sgtestiing.basicscenarios.BasicScenario5DemoTestNG" name="login" time="5.338"/>
  <testcase classname="com.sgtestiing.basicscenarios.BasicScenario5DemoTestNG" name="createcustomer" time="9.726"/>
  <testcase classname="com.sgtestiing.basicscenarios.BasicScenario5DemoTestNG" name="Createproject" time="8.711"/>
  <testcase classname="com.sgtestiing.basicscenarios.BasicScenario5DemoTestNG" name="DeleteProject" time="6.516"/>
  <testcase classname="com.sgtestiing.basicscenarios.BasicScenario5DemoTestNG" name="deletecustomer" time="7.593"/>
  <testcase classname="com.sgtestiing.basicscenarios.BasicScenario5DemoTestNG" name="logout" time="3.349"/>
  <testcase classname="com.sgtestiing.basicscenarios.BasicScenario5DemoTestNG" name="closeapplication" time="0.574"/>
  <testcase classname="com.sgtestiing.basicscenarios.BasicScenario6DemoTestNG" name="launchbroswer" time="1.402"/>
  <testcase classname="com.sgtestiing.basicscenarios.BasicScenario6DemoTestNG" name="navigate" time="4.164"/>
  <testcase classname="com.sgtestiing.basicscenarios.BasicScenario6DemoTestNG" name="Login" time="5.341"/>
  <testcase classname="com.sgtestiing.basicscenarios.BasicScenario6DemoTestNG" name="createcustomer" time="9.49"/>
  <testcase classname="com.sgtestiing.basicscenarios.BasicScenario6DemoTestNG" name="Createproject" time="8.71"/>
  <testcase classname="com.sgtestiing.basicscenarios.BasicScenario6DemoTestNG" name="modifyProject" time="7.754"/>
  <testcase classname="com.sgtestiing.basicscenarios.BasicScenario6DemoTestNG" name="DeleteProject" time="7.54"/>
  <testcase classname="com.sgtestiing.basicscenarios.BasicScenario6DemoTestNG" name="deletecustomer" time="7.468"/>
  <testcase classname="com.sgtestiing.basicscenarios.BasicScenario6DemoTestNG" name="logout" time="4.464"/>
  <testcase classname="com.sgtestiing.basicscenarios.BasicScenario6DemoTestNG" name="closeapplication" time="0.571"/>
  <testcase classname="com.sgtestiing.basicscenarios.BasicScenario7DemoTestNG" name="launchbroswer" time="1.245"/>
  <testcase classname="com.sgtestiing.basicscenarios.BasicScenario7DemoTestNG" name="navigate" time="4.114"/>
  <testcase classname="com.sgtestiing.basicscenarios.BasicScenario7DemoTestNG" name="Login" time="5.341"/>
  <testcase classname="com.sgtestiing.basicscenarios.BasicScenario7DemoTestNG" name="createcustomer" time="9.478"/>
  <testcase classname="com.sgtestiing.basicscenarios.BasicScenario7DemoTestNG" name="Createproject" time="8.681"/>
  <testcase classname="com.sgtestiing.basicscenarios.BasicScenario7DemoTestNG" name="addtask" time="7.681"/>
  <testcase classname="com.sgtestiing.basicscenarios.BasicScenario7DemoTestNG" name="deletetask" time="5.306"/>
  <testcase classname="com.sgtestiing.basicscenarios.BasicScenario7DemoTestNG" name="DeleteProject" time="7.551"/>
  <testcase classname="com.sgtestiing.basicscenarios.BasicScenario7DemoTestNG" name="deletecustomer" time="7.518"/>
  <testcase classname="com.sgtestiing.basicscenarios.BasicScenario7DemoTestNG" name="logout" time="4.431"/>
  <testcase classname="com.sgtestiing.basicscenarios.BasicScenario7DemoTestNG" name="closeapplication" time="0.571"/>
  <testcase classname="com.sgtesting.advancescenario.AdvanceScenario1DemoTestNG" name="launchbrowser" time="1.346"/>
  <testcase classname="com.sgtesting.advancescenario.AdvanceScenario1DemoTestNG" name="navigate" time="4.231"/>
  <testcase classname="com.sgtesting.advancescenario.AdvanceScenario1DemoTestNG" name="Login1" time="5.371"/>
  <testcase classname="com.sgtesting.advancescenario.AdvanceScenario1DemoTestNG" name="createuser1" time="13.293"/>
  <testcase classname="com.sgtesting.advancescenario.AdvanceScenario1DemoTestNG" name="createuser2" time="12.144"/>
  <testcase classname="com.sgtesting.advancescenario.AdvanceScenario1DemoTestNG" name="createuser3" time="12.169"/>
  <testcase classname="com.sgtesting.advancescenario.AdvanceScenario1DemoTestNG" name="logout1" time="3.362"/>
  <testcase classname="com.sgtesting.advancescenario.AdvanceScenario1DemoTestNG" name="Loginuser1" time="7.677"/>
  <testcase classname="com.sgtesting.advancescenario.AdvanceScenario1DemoTestNG" name="logoutuser1" time="3.325"/>
  <testcase classname="com.sgtesting.advancescenario.AdvanceScenario1DemoTestNG" name="Loginuser2" time="7.13"/>
  <testcase classname="com.sgtesting.advancescenario.AdvanceScenario1DemoTestNG" name="logoutuser2" time="3.377"/>
  <testcase classname="com.sgtesting.advancescenario.AdvanceScenario1DemoTestNG" name="Loginuser3" time="7.081"/>
  <testcase classname="com.sgtesting.advancescenario.AdvanceScenario1DemoTestNG" name="logoutuser3" time="3.316"/>
  <testcase classname="com.sgtesting.advancescenario.AdvanceScenario1DemoTestNG" name="Login" time="5.348"/>
  <testcase classname="com.sgtesting.advancescenario.AdvanceScenario1DemoTestNG" name="modifyuser1" time="8.593"/>
  <testcase classname="com.sgtesting.advancescenario.AdvanceScenario1DemoTestNG" name="modifyuser2" time="7.618"/>
  <testcase classname="com.sgtesting.advancescenario.AdvanceScenario1DemoTestNG" name="modifyuser3" time="7.589"/>
  <testcase classname="com.sgtesting.advancescenario.AdvanceScenario1DemoTestNG" name="logout2" time="3.348"/>
  <testcase classname="com.sgtesting.advancescenario.AdvanceScenario1DemoTestNG" name="Loginuser11" time="5.4"/>
  <testcase classname="com.sgtesting.advancescenario.AdvanceScenario1DemoTestNG" name="logoutuser11" time="3.407"/>
  <testcase classname="com.sgtesting.advancescenario.AdvanceScenario1DemoTestNG" name="Loginuser22" time="5.332"/>
  <testcase classname="com.sgtesting.advancescenario.AdvanceScenario1DemoTestNG" name="logoutuser22" time="3.404"/>
  <testcase classname="com.sgtesting.advancescenario.AdvanceScenario1DemoTestNG" name="Loginuser33" time="5.338"/>
  <testcase classname="com.sgtesting.advancescenario.AdvanceScenario1DemoTestNG" name="logoutuser33" time="3.366"/>
  <testcase classname="com.sgtesting.advancescenario.AdvanceScenario1DemoTestNG" name="Login3" time="5.315"/>
  <testcase classname="com.sgtesting.advancescenario.AdvanceScenario1DemoTestNG" name="Deleteuser1" time="7.043"/>
  <testcase classname="com.sgtesting.advancescenario.AdvanceScenario1DemoTestNG" name="Deleteuser2" time="6.294"/>
  <testcase classname="com.sgtesting.advancescenario.AdvanceScenario1DemoTestNG" name="Deleteuser3" time="6.348"/>
  <testcase classname="com.sgtesting.advancescenario.AdvanceScenario1DemoTestNG" name="logout3" time="3.38"/>
  <testcase classname="com.sgtesting.advancescenario.AdvanceScenario1DemoTestNG" name="closeapplication" time="0.662"/>
  <testcase classname="com.sgtesting.advancescenario.AdvanceScenario2DemoTestNG" name="launchbrowser" time="1.242"/>
  <testcase classname="com.sgtesting.advancescenario.AdvanceScenario2DemoTestNG" name="navigate" time="5.137"/>
  <testcase classname="com.sgtesting.advancescenario.AdvanceScenario2DemoTestNG" name="Login" time="5.392"/>
  <testcase classname="com.sgtesting.advancescenario.AdvanceScenario2DemoTestNG" name="createuser1" time="13.432"/>
  <testcase classname="com.sgtesting.advancescenario.AdvanceScenario2DemoTestNG" name="logout1" time="3.384"/>
  <testcase classname="com.sgtesting.advancescenario.AdvanceScenario2DemoTestNG" name="Loginuser1" time="7.773"/>
  <testcase classname="com.sgtesting.advancescenario.AdvanceScenario2DemoTestNG" name="createuser2" time="12.908"/>
  <testcase classname="com.sgtesting.advancescenario.AdvanceScenario2DemoTestNG" name="logout2" time="3.34"/>
  <testcase classname="com.sgtesting.advancescenario.AdvanceScenario2DemoTestNG" name="Loginuser2" time="7.187"/>
  <testcase classname="com.sgtesting.advancescenario.AdvanceScenario2DemoTestNG" name="createuser3" time="12.745"/>
  <testcase classname="com.sgtesting.advancescenario.AdvanceScenario2DemoTestNG" name="logout3" time="3.364"/>
  <testcase classname="com.sgtesting.advancescenario.AdvanceScenario2DemoTestNG" name="Loginuser3" time="7.013"/>
  <testcase classname="com.sgtesting.advancescenario.AdvanceScenario2DemoTestNG" name="logout4" time="3.283"/>
  <testcase classname="com.sgtesting.advancescenario.AdvanceScenario2DemoTestNG" name="Loginuser22" time="5.323"/>
  <testcase classname="com.sgtesting.advancescenario.AdvanceScenario2DemoTestNG" name="modifyuser3" time="8.338"/>
  <testcase classname="com.sgtesting.advancescenario.AdvanceScenario2DemoTestNG" name="logout5" time="3.325"/>
  <testcase classname="com.sgtesting.advancescenario.AdvanceScenario2DemoTestNG" name="Loginuser33" time="5.384"/>
  <testcase classname="com.sgtesting.advancescenario.AdvanceScenario2DemoTestNG" name="logout6" time="3.368"/>
  <testcase classname="com.sgtesting.advancescenario.AdvanceScenario2DemoTestNG" name="Loginuser11" time="5.389"/>
  <testcase classname="com.sgtesting.advancescenario.AdvanceScenario2DemoTestNG" name="modifyuser2" time="8.34"/>
  <testcase classname="com.sgtesting.advancescenario.AdvanceScenario2DemoTestNG" name="logout7" time="3.342"/>
  <testcase classname="com.sgtesting.advancescenario.AdvanceScenario2DemoTestNG" name="Loginuser222" time="5.338"/>
  <testcase classname="com.sgtesting.advancescenario.AdvanceScenario2DemoTestNG" name="logout11" time="3.354"/>
  <testcase classname="com.sgtesting.advancescenario.AdvanceScenario2DemoTestNG" name="Login1" time="5.354"/>
  <testcase classname="com.sgtesting.advancescenario.AdvanceScenario2DemoTestNG" name="modifyuser1" time="8.261"/>
  <testcase classname="com.sgtesting.advancescenario.AdvanceScenario2DemoTestNG" name="logout8" time="3.328"/>
  <testcase classname="com.sgtesting.advancescenario.AdvanceScenario2DemoTestNG" name="Loginuser111" time="5.342"/>
  <testcase classname="com.sgtesting.advancescenario.AdvanceScenario2DemoTestNG" name="logout12" time="3.339"/>
  <testcase classname="com.sgtesting.advancescenario.AdvanceScenario2DemoTestNG" name="Loginuser1111" time="5.376"/>
  <testcase classname="com.sgtesting.advancescenario.AdvanceScenario2DemoTestNG" name="Deleteuser2" time="6.982"/>
  <testcase classname="com.sgtesting.advancescenario.AdvanceScenario2DemoTestNG" name="Deleteuser3" time="6.306"/>
  <testcase classname="com.sgtesting.advancescenario.AdvanceScenario2DemoTestNG" name="logout9" time="3.348"/>
  <testcase classname="com.sgtesting.advancescenario.AdvanceScenario2DemoTestNG" name="Login2" time="5.395"/>
  <testcase classname="com.sgtesting.advancescenario.AdvanceScenario2DemoTestNG" name="Deleteuser1" time="6.921"/>
  <testcase classname="com.sgtesting.advancescenario.AdvanceScenario2DemoTestNG" name="logout10" time="3.364"/>
  <testcase classname="com.sgtesting.advancescenario.AdvanceScenario2DemoTestNG" name="closeapp" time="0.705"/>
</testsuite> <!-- BasicscenarioDemo and AdvancescenarioDemo -->
