<?xml version="1.0" encoding="UTF-8"?>
<!-- Generated by org.testng.reporters.JUnitXMLReporter -->
<testsuite ignored="0" hostname="DEEEPGRAPGY" failures="0" tests="60" name="Basicscenario1Demo and Basicscenario2Demo" time="233.272" errors="0" timestamp="2022-06-10T00:10:28 IST">
  <testcase classname="com.sgtestiing.basicscenarios.Basicscenario1DemoTestNG" name="launchbrowser" time="2.723"/>
  <testcase classname="com.sgtestiing.basicscenarios.Basicscenario1DemoTestNG" name="navigate" time="5.939"/>
  <testcase classname="com.sgtestiing.basicscenarios.Basicscenario1DemoTestNG" name="login" time="7.31"/>
  <testcase classname="com.sgtestiing.basicscenarios.Basicscenario1DemoTestNG" name="createuser" time="19.269"/>
  <testcase classname="com.sgtestiing.basicscenarios.Basicscenario1DemoTestNG" name="deleteuser" time="4.275"/>
  <testcase classname="com.sgtestiing.basicscenarios.Basicscenario1DemoTestNG" name="logout" time="2.452"/>
  <testcase classname="com.sgtestiing.basicscenarios.Basicscenario1DemoTestNG" name="closeapplication" time="0.443"/>
  <testcase classname="com.sgtestiing.basicscenarios.BasicScenario2DemoTestNG" name="launchbrowser" time="0.998"/>
  <testcase classname="com.sgtestiing.basicscenarios.BasicScenario2DemoTestNG" name="navigate" time="1.918"/>
  <testcase classname="com.sgtestiing.basicscenarios.BasicScenario2DemoTestNG" name="login" time="3.366"/>
  <testcase classname="com.sgtestiing.basicscenarios.BasicScenario2DemoTestNG" name="createuser" time="19.255"/>
  <testcase classname="com.sgtestiing.basicscenarios.BasicScenario2DemoTestNG" name="modify" time="4.45"/>
  <testcase classname="com.sgtestiing.basicscenarios.BasicScenario2DemoTestNG" name="deleteuser" time="4.262"/>
  <testcase classname="com.sgtestiing.basicscenarios.BasicScenario2DemoTestNG" name="Logout" time="2.462"/>
  <testcase classname="com.sgtestiing.basicscenarios.BasicScenario2DemoTestNG" name="closeapplication" time="0.436"/>
  <testcase classname="com.sgtestiing.basicscenarios.BasicScenario3DemoTestNG" name="launchbroswer" time="1.124"/>
  <testcase classname="com.sgtestiing.basicscenarios.BasicScenario3DemoTestNG" name="navigate" time="0.946"/>
  <testcase classname="com.sgtestiing.basicscenarios.BasicScenario3DemoTestNG" name="login" time="3.295"/>
  <testcase classname="com.sgtestiing.basicscenarios.BasicScenario3DemoTestNG" name="createcustomer" time="7.226"/>
  <testcase classname="com.sgtestiing.basicscenarios.BasicScenario3DemoTestNG" name="deletecustomer" time="4.402"/>
  <testcase classname="com.sgtestiing.basicscenarios.BasicScenario3DemoTestNG" name="logout" time="1.391"/>
  <testcase classname="com.sgtestiing.basicscenarios.BasicScenario3DemoTestNG" name="closeapplication" time="0.45"/>
  <testcase classname="com.sgtestiing.basicscenarios.BasicScenario4DemoTestNG" name="launchbroswer" time="1.034"/>
  <testcase classname="com.sgtestiing.basicscenarios.BasicScenario4DemoTestNG" name="navigate" time="0.944"/>
  <testcase classname="com.sgtestiing.basicscenarios.BasicScenario4DemoTestNG" name="login" time="3.289"/>
  <testcase classname="com.sgtestiing.basicscenarios.BasicScenario4DemoTestNG" name="createcustomer" time="7.416"/>
  <testcase classname="com.sgtestiing.basicscenarios.BasicScenario4DemoTestNG" name="modifycustomer" time="4.594"/>
  <testcase classname="com.sgtestiing.basicscenarios.BasicScenario4DemoTestNG" name="deletecustomer" time="5.532"/>
  <testcase classname="com.sgtestiing.basicscenarios.BasicScenario4DemoTestNG" name="logout" time="1.398"/>
  <testcase classname="com.sgtestiing.basicscenarios.BasicScenario4DemoTestNG" name="closeapplication" time="0.433"/>
  <testcase classname="com.sgtestiing.basicscenarios.BasicScenario5DemoTestNG" name="launchbroswer" time="1.118"/>
  <testcase classname="com.sgtestiing.basicscenarios.BasicScenario5DemoTestNG" name="navigate" time="0.928"/>
  <testcase classname="com.sgtestiing.basicscenarios.BasicScenario5DemoTestNG" name="login" time="3.293"/>
  <testcase classname="com.sgtestiing.basicscenarios.BasicScenario5DemoTestNG" name="createcustomer" time="7.294"/>
  <testcase classname="com.sgtestiing.basicscenarios.BasicScenario5DemoTestNG" name="Createproject" time="6.662"/>
  <testcase classname="com.sgtestiing.basicscenarios.BasicScenario5DemoTestNG" name="DeleteProject" time="4.478"/>
  <testcase classname="com.sgtestiing.basicscenarios.BasicScenario5DemoTestNG" name="deletecustomer" time="5.595"/>
  <testcase classname="com.sgtestiing.basicscenarios.BasicScenario5DemoTestNG" name="logout" time="1.446"/>
  <testcase classname="com.sgtestiing.basicscenarios.BasicScenario5DemoTestNG" name="closeapplication" time="0.445"/>
  <testcase classname="com.sgtestiing.basicscenarios.BasicScenario6DemoTestNG" name="launchbroswer" time="0.977"/>
  <testcase classname="com.sgtestiing.basicscenarios.BasicScenario6DemoTestNG" name="navigate" time="0.936"/>
  <testcase classname="com.sgtestiing.basicscenarios.BasicScenario6DemoTestNG" name="Login" time="3.325"/>
  <testcase classname="com.sgtestiing.basicscenarios.BasicScenario6DemoTestNG" name="createcustomer" time="7.286"/>
  <testcase classname="com.sgtestiing.basicscenarios.BasicScenario6DemoTestNG" name="Createproject" time="7.648"/>
  <testcase classname="com.sgtestiing.basicscenarios.BasicScenario6DemoTestNG" name="modifyProject" time="5.658"/>
  <testcase classname="com.sgtestiing.basicscenarios.BasicScenario6DemoTestNG" name="DeleteProject" time="4.463"/>
  <testcase classname="com.sgtestiing.basicscenarios.BasicScenario6DemoTestNG" name="deletecustomer" time="5.53"/>
  <testcase classname="com.sgtestiing.basicscenarios.BasicScenario6DemoTestNG" name="logout" time="1.401"/>
  <testcase classname="com.sgtestiing.basicscenarios.BasicScenario6DemoTestNG" name="closeapplication" time="0.435"/>
  <testcase classname="com.sgtestiing.basicscenarios.BasicScenario7DemoTestNG" name="launchbroswer" time="1.133"/>
  <testcase classname="com.sgtestiing.basicscenarios.BasicScenario7DemoTestNG" name="navigate" time="0.923"/>
  <testcase classname="com.sgtestiing.basicscenarios.BasicScenario7DemoTestNG" name="Login" time="3.297"/>
  <testcase classname="com.sgtestiing.basicscenarios.BasicScenario7DemoTestNG" name="createcustomer" time="7.255"/>
  <testcase classname="com.sgtestiing.basicscenarios.BasicScenario7DemoTestNG" name="Createproject" time="7.698"/>
  <testcase classname="com.sgtestiing.basicscenarios.BasicScenario7DemoTestNG" name="addtask" time="5.663"/>
  <testcase classname="com.sgtestiing.basicscenarios.BasicScenario7DemoTestNG" name="deletetask" time="3.282"/>
  <testcase classname="com.sgtestiing.basicscenarios.BasicScenario7DemoTestNG" name="DeleteProject" time="4.538"/>
  <testcase classname="com.sgtestiing.basicscenarios.BasicScenario7DemoTestNG" name="deletecustomer" time="5.518"/>
  <testcase classname="com.sgtestiing.basicscenarios.BasicScenario7DemoTestNG" name="logout" time="1.337"/>
  <testcase classname="com.sgtestiing.basicscenarios.BasicScenario7DemoTestNG" name="closeapplication" time="0.432"/>
</testsuite> <!-- Basicscenario1Demo and Basicscenario2Demo -->
