<?xml version="1.0" encoding="UTF-8"?>
<!-- Generated by org.testng.reporters.JUnitXMLReporter -->
<testsuite ignored="0" hostname="DEEEPGRAPGY" failures="0" tests="60" name="BasicscenarioDemo" time="327.784" errors="0" timestamp="2022-06-10T11:06:32 IST">
  <testcase classname="com.sgtestiing.basicscenarios.Basicscenario1DemoTestNG" name="launchbrowser" time="4.445"/>
  <testcase classname="com.sgtestiing.basicscenarios.Basicscenario1DemoTestNG" name="navigate" time="4.16"/>
  <testcase classname="com.sgtestiing.basicscenarios.Basicscenario1DemoTestNG" name="login" time="5.34"/>
  <testcase classname="com.sgtestiing.basicscenarios.Basicscenario1DemoTestNG" name="createuser" time="17.462"/>
  <testcase classname="com.sgtestiing.basicscenarios.Basicscenario1DemoTestNG" name="deleteuser" time="5.303"/>
  <testcase classname="com.sgtestiing.basicscenarios.Basicscenario1DemoTestNG" name="logout" time="4.476"/>
  <testcase classname="com.sgtestiing.basicscenarios.Basicscenario1DemoTestNG" name="closeapplication" time="0.596"/>
  <testcase classname="com.sgtestiing.basicscenarios.BasicScenario2DemoTestNG" name="launchbrowser" time="1.354"/>
  <testcase classname="com.sgtestiing.basicscenarios.BasicScenario2DemoTestNG" name="navigate" time="4.218"/>
  <testcase classname="com.sgtestiing.basicscenarios.BasicScenario2DemoTestNG" name="login" time="5.407"/>
  <testcase classname="com.sgtestiing.basicscenarios.BasicScenario2DemoTestNG" name="createuser" time="19.344"/>
  <testcase classname="com.sgtestiing.basicscenarios.BasicScenario2DemoTestNG" name="modify" time="6.521"/>
  <testcase classname="com.sgtestiing.basicscenarios.BasicScenario2DemoTestNG" name="deleteuser" time="4.282"/>
  <testcase classname="com.sgtestiing.basicscenarios.BasicScenario2DemoTestNG" name="Logout" time="4.341"/>
  <testcase classname="com.sgtestiing.basicscenarios.BasicScenario2DemoTestNG" name="closeapplication" time="0.634"/>
  <testcase classname="com.sgtestiing.basicscenarios.BasicScenario3DemoTestNG" name="launchbroswer" time="1.277"/>
  <testcase classname="com.sgtestiing.basicscenarios.BasicScenario3DemoTestNG" name="navigate" time="4.164"/>
  <testcase classname="com.sgtestiing.basicscenarios.BasicScenario3DemoTestNG" name="login" time="5.389"/>
  <testcase classname="com.sgtestiing.basicscenarios.BasicScenario3DemoTestNG" name="createcustomer" time="9.489"/>
  <testcase classname="com.sgtestiing.basicscenarios.BasicScenario3DemoTestNG" name="deletecustomer" time="7.45"/>
  <testcase classname="com.sgtestiing.basicscenarios.BasicScenario3DemoTestNG" name="logout" time="4.38"/>
  <testcase classname="com.sgtestiing.basicscenarios.BasicScenario3DemoTestNG" name="closeapplication" time="0.579"/>
  <testcase classname="com.sgtestiing.basicscenarios.BasicScenario4DemoTestNG" name="launchbroswer" time="1.164"/>
  <testcase classname="com.sgtestiing.basicscenarios.BasicScenario4DemoTestNG" name="navigate" time="4.219"/>
  <testcase classname="com.sgtestiing.basicscenarios.BasicScenario4DemoTestNG" name="login" time="5.372"/>
  <testcase classname="com.sgtestiing.basicscenarios.BasicScenario4DemoTestNG" name="createcustomer" time="10.54"/>
  <testcase classname="com.sgtestiing.basicscenarios.BasicScenario4DemoTestNG" name="modifycustomer" time="6.695"/>
  <testcase classname="com.sgtestiing.basicscenarios.BasicScenario4DemoTestNG" name="deletecustomer" time="7.517"/>
  <testcase classname="com.sgtestiing.basicscenarios.BasicScenario4DemoTestNG" name="logout" time="3.431"/>
  <testcase classname="com.sgtestiing.basicscenarios.BasicScenario4DemoTestNG" name="closeapplication" time="0.652"/>
  <testcase classname="com.sgtestiing.basicscenarios.BasicScenario5DemoTestNG" name="launchbroswer" time="1.253"/>
  <testcase classname="com.sgtestiing.basicscenarios.BasicScenario5DemoTestNG" name="navigate" time="4.139"/>
  <testcase classname="com.sgtestiing.basicscenarios.BasicScenario5DemoTestNG" name="login" time="5.332"/>
  <testcase classname="com.sgtestiing.basicscenarios.BasicScenario5DemoTestNG" name="createcustomer" time="9.633"/>
  <testcase classname="com.sgtestiing.basicscenarios.BasicScenario5DemoTestNG" name="Createproject" time="8.72"/>
  <testcase classname="com.sgtestiing.basicscenarios.BasicScenario5DemoTestNG" name="DeleteProject" time="6.539"/>
  <testcase classname="com.sgtestiing.basicscenarios.BasicScenario5DemoTestNG" name="deletecustomer" time="7.54"/>
  <testcase classname="com.sgtestiing.basicscenarios.BasicScenario5DemoTestNG" name="logout" time="3.461"/>
  <testcase classname="com.sgtestiing.basicscenarios.BasicScenario5DemoTestNG" name="closeapplication" time="0.646"/>
  <testcase classname="com.sgtestiing.basicscenarios.BasicScenario6DemoTestNG" name="launchbroswer" time="1.194"/>
  <testcase classname="com.sgtestiing.basicscenarios.BasicScenario6DemoTestNG" name="navigate" time="4.163"/>
  <testcase classname="com.sgtestiing.basicscenarios.BasicScenario6DemoTestNG" name="Login" time="5.549"/>
  <testcase classname="com.sgtestiing.basicscenarios.BasicScenario6DemoTestNG" name="createcustomer" time="9.424"/>
  <testcase classname="com.sgtestiing.basicscenarios.BasicScenario6DemoTestNG" name="Createproject" time="9.012"/>
  <testcase classname="com.sgtestiing.basicscenarios.BasicScenario6DemoTestNG" name="modifyProject" time="7.728"/>
  <testcase classname="com.sgtestiing.basicscenarios.BasicScenario6DemoTestNG" name="DeleteProject" time="7.502"/>
  <testcase classname="com.sgtestiing.basicscenarios.BasicScenario6DemoTestNG" name="deletecustomer" time="7.526"/>
  <testcase classname="com.sgtestiing.basicscenarios.BasicScenario6DemoTestNG" name="logout" time="4.452"/>
  <testcase classname="com.sgtestiing.basicscenarios.BasicScenario6DemoTestNG" name="closeapplication" time="0.636"/>
  <testcase classname="com.sgtestiing.basicscenarios.BasicScenario7DemoTestNG" name="launchbroswer" time="1.329"/>
  <testcase classname="com.sgtestiing.basicscenarios.BasicScenario7DemoTestNG" name="navigate" time="4.194"/>
  <testcase classname="com.sgtestiing.basicscenarios.BasicScenario7DemoTestNG" name="Login" time="5.489"/>
  <testcase classname="com.sgtestiing.basicscenarios.BasicScenario7DemoTestNG" name="createcustomer" time="9.585"/>
  <testcase classname="com.sgtestiing.basicscenarios.BasicScenario7DemoTestNG" name="Createproject" time="8.694"/>
  <testcase classname="com.sgtestiing.basicscenarios.BasicScenario7DemoTestNG" name="addtask" time="7.676"/>
  <testcase classname="com.sgtestiing.basicscenarios.BasicScenario7DemoTestNG" name="deletetask" time="5.328"/>
  <testcase classname="com.sgtestiing.basicscenarios.BasicScenario7DemoTestNG" name="DeleteProject" time="7.491"/>
  <testcase classname="com.sgtestiing.basicscenarios.BasicScenario7DemoTestNG" name="deletecustomer" time="7.546"/>
  <testcase classname="com.sgtestiing.basicscenarios.BasicScenario7DemoTestNG" name="logout" time="4.453"/>
  <testcase classname="com.sgtestiing.basicscenarios.BasicScenario7DemoTestNG" name="closeapplication" time="0.67"/>
</testsuite> <!-- BasicscenarioDemo -->
